# JRE version: OpenJDK Runtime Environment Temurin-21.0.10+7 (21.0.10+7) (build 21.0.10+7-LTS)
# Java VM: OpenJDK 64-Bit Server VM Temurin-21.0.10+7 (21.0.10+7-LTS, mixed mode, sharing, tiered, compressed oops, compressed class ptrs, parallel gc, windows-amd64)
GC Precious Log:
 CardTable entry size: 512
 CPUs: 8 total, 8 available
 Memory: 7926M
 Large Page Support: Disabled
 NUMA Support: Disabled
 Compressed Oops: Enabled (32-bit)
 Alignments: Space 512K, Generation 512K, Heap 2M
 Heap Min Capacity: 100M
 Heap Initial Capacity: 100M
 Heap Max Capacity: 2G
 Pre-touch: Disabled
 Parallel Workers: 8
Heap:
 PSYoungGen      total 17920K, used 637K [0x00000000d5580000, 0x00000000d6880000, 0x0000000100000000)
  eden space 16896K, 0% used [0x00000000d5580000,0x00000000d5580000,0x00000000d6600000)
  from space 1024K, 62% used [0x00000000d6680000,0x00000000d671f5b8,0x00000000d6780000)
  to   space 512K, 0% used [0x00000000d6800000,0x00000000d6800000,0x00000000d6880000)
 ParOldGen       total 84480K, used 84478K [0x0000000080000000, 0x0000000085280000, 0x00000000d5580000)
  object space 84480K, 99% used [0x0000000080000000,0x000000008527fb58,0x0000000085280000)
 Metaspace       used 71722K, committed 73280K, reserved 1114112K
  class space    used 7646K, committed 8320K, reserved 1048576K
GC Heap History (20 events):
Event: 73.288 GC heap after
{Heap after GC invocations=149 (full 3):
 PSYoungGen      total 13824K, used 384K [0x00000000d5580000, 0x00000000d6580000, 0x0000000100000000)
  eden space 13312K, 0% used [0x00000000d5580000,0x00000000d5580000,0x00000000d6280000)
  from space 512K, 75% used [0x00000000d6500000,0x00000000d6560000,0x00000000d6580000)
  to   space 512K, 0% used [0x00000000d6480000,0x00000000d6480000,0x00000000d6500000)
 ParOldGen       total 76800K, used 76558K [0x0000000080000000, 0x0000000084b00000, 0x00000000d5580000)
  object space 76800K, 99% used [0x0000000080000000,0x0000000084ac39c8,0x0000000084b00000)
 Metaspace       used 71687K, committed 73280K, reserved 1114112K
  class space    used 7645K, committed 8320K, reserved 1048576K
}
Event: 73.307 GC heap before
{Heap before GC invocations=150 (full 3):
 PSYoungGen      total 13824K, used 13696K [0x00000000d5580000, 0x00000000d6580000, 0x0000000100000000)
  eden space 13312K, 100% used [0x00000000d5580000,0x00000000d6280000,0x00000000d6280000)
  from space 512K, 75% used [0x00000000d6500000,0x00000000d6560000,0x00000000d6580000)
  to   space 512K, 0% used [0x00000000d6480000,0x00000000d6480000,0x00000000d6500000)
 ParOldGen       total 76800K, used 76558K [0x0000000080000000, 0x0000000084b00000, 0x00000000d5580000)
  object space 76800K, 99% used [0x0000000080000000,0x0000000084ac39c8,0x0000000084b00000)
 Metaspace       used 71687K, committed 73280K, reserved 1114112K
  class space    used 7645K, committed 8320K, reserved 1048576K
}
Event: 73.309 GC heap after
{Heap after GC invocations=150 (full 3):
 PSYoungGen      total 13824K, used 443K [0x00000000d5580000, 0x00000000d6580000, 0x0000000100000000)
  eden space 13312K, 0% used [0x00000000d5580000,0x00000000d5580000,0x00000000d6280000)
  from space 512K, 86% used [0x00000000d6480000,0x00000000d64eeec8,0x00000000d6500000)
  to   space 512K, 0% used [0x00000000d6500000,0x00000000d6500000,0x00000000d6580000)
 ParOldGen       total 76800K, used 76782K [0x0000000080000000, 0x0000000084b00000, 0x00000000d5580000)
  object space 76800K, 99% used [0x0000000080000000,0x0000000084afb848,0x0000000084b00000)
 Metaspace       used 71687K, committed 73280K, reserved 1114112K
  class space    used 7645K, committed 8320K, reserved 1048576K
}
Event: 73.324 GC heap before
{Heap before GC invocations=151 (full 3):
 PSYoungGen      total 13824K, used 13755K [0x00000000d5580000, 0x00000000d6580000, 0x0000000100000000)
  eden space 13312K, 100% used [0x00000000d5580000,0x00000000d6280000,0x00000000d6280000)
  from space 512K, 86% used [0x00000000d6480000,0x00000000d64eeec8,0x00000000d6500000)
  to   space 512K, 0% used [0x00000000d6500000,0x00000000d6500000,0x00000000d6580000)
 ParOldGen       total 76800K, used 76782K [0x0000000080000000, 0x0000000084b00000, 0x00000000d5580000)
  object space 76800K, 99% used [0x0000000080000000,0x0000000084afb848,0x0000000084b00000)
 Metaspace       used 71687K, committed 73280K, reserved 1114112K
  class space    used 7645K, committed 8320K, reserved 1048576K
}
Event: 73.326 GC heap after
{Heap after GC invocations=151 (full 3):
 PSYoungGen      total 13824K, used 448K [0x00000000d5580000, 0x00000000d6580000, 0x0000000100000000)
  eden space 13312K, 0% used [0x00000000d5580000,0x00000000d5580000,0x00000000d6280000)
  from space 512K, 87% used [0x00000000d6500000,0x00000000d6570000,0x00000000d6580000)
  to   space 512K, 0% used [0x00000000d6480000,0x00000000d6480000,0x00000000d6500000)
 ParOldGen       total 77312K, used 77228K [0x0000000080000000, 0x0000000084b80000, 0x00000000d5580000)
  object space 77312K, 99% used [0x0000000080000000,0x0000000084b6b2d0,0x0000000084b80000)
 Metaspace       used 71687K, committed 73280K, reserved 1114112K
  class space    used 7645K, committed 8320K, reserved 1048576K
}
Event: 73.345 GC heap before
{Heap before GC invocations=152 (full 3):
 PSYoungGen      total 13824K, used 13760K [0x00000000d5580000, 0x00000000d6580000, 0x0000000100000000)
  eden space 13312K, 100% used [0x00000000d5580000,0x00000000d6280000,0x00000000d6280000)
  from space 512K, 87% used [0x00000000d6500000,0x00000000d6570000,0x00000000d6580000)
  to   space 512K, 0% used [0x00000000d6480000,0x00000000d6480000,0x00000000d6500000)
 ParOldGen       total 77312K, used 77228K [0x0000000080000000, 0x0000000084b80000, 0x00000000d5580000)
  object space 77312K, 99% used [0x0000000080000000,0x0000000084b6b2d0,0x0000000084b80000)
 Metaspace       used 71687K, committed 73280K, reserved 1114112K
  class space    used 7645K, committed 8320K, reserved 1048576K
}
Event: 73.348 GC heap after
{Heap after GC invocations=152 (full 3):
 PSYoungGen      total 13824K, used 506K [0x00000000d5580000, 0x00000000d6580000, 0x0000000100000000)
  eden space 13312K, 0% used [0x00000000d5580000,0x00000000d5580000,0x00000000d6280000)
  from space 512K, 98% used [0x00000000d6480000,0x00000000d64feb20,0x00000000d6500000)
  to   space 512K, 0% used [0x00000000d6500000,0x00000000d6500000,0x00000000d6580000)
 ParOldGen       total 77824K, used 77670K [0x0000000080000000, 0x0000000084c00000, 0x00000000d5580000)
  object space 77824K, 99% used [0x0000000080000000,0x0000000084bd9bb8,0x0000000084c00000)
 Metaspace       used 71687K, committed 73280K, reserved 1114112K
  class space    used 7645K, committed 8320K, reserved 1048576K
}
Event: 73.383 GC heap before
{Heap before GC invocations=153 (full 3):
 PSYoungGen      total 13824K, used 13818K [0x00000000d5580000, 0x00000000d6580000, 0x0000000100000000)
  eden space 13312K, 100% used [0x00000000d5580000,0x00000000d6280000,0x00000000d6280000)
  from space 512K, 98% used [0x00000000d6480000,0x00000000d64feb20,0x00000000d6500000)
  to   space 512K, 0% used [0x00000000d6500000,0x00000000d6500000,0x00000000d6580000)
 ParOldGen       total 77824K, used 77670K [0x0000000080000000, 0x0000000084c00000, 0x00000000d5580000)
  object space 77824K, 99% used [0x0000000080000000,0x0000000084bd9bb8,0x0000000084c00000)
 Metaspace       used 71687K, committed 73280K, reserved 1114112K
  class space    used 7645K, committed 8320K, reserved 1048576K
}
Event: 73.384 GC heap after
{Heap after GC invocations=153 (full 3):
 PSYoungGen      total 13824K, used 506K [0x00000000d5580000, 0x00000000d6680000, 0x0000000100000000)
  eden space 13312K, 0% used [0x00000000d5580000,0x00000000d5580000,0x00000000d6280000)
  from space 512K, 98% used [0x00000000d6500000,0x00000000d657eb20,0x00000000d6580000)
  to   space 2048K, 0% used [0x00000000d6280000,0x00000000d6280000,0x00000000d6480000)
 ParOldGen       total 78848K, used 78659K [0x0000000080000000, 0x0000000084d00000, 0x00000000d5580000)
  object space 78848K, 99% used [0x0000000080000000,0x0000000084cd0e28,0x0000000084d00000)
 Metaspace       used 71687K, committed 73280K, reserved 1114112K
  class space    used 7645K, committed 8320K, reserved 1048576K
}
Event: 73.426 GC heap before
{Heap before GC invocations=154 (full 3):
 PSYoungGen      total 13824K, used 13818K [0x00000000d5580000, 0x00000000d6680000, 0x0000000100000000)
  eden space 13312K, 100% used [0x00000000d5580000,0x00000000d6280000,0x00000000d6280000)
  from space 512K, 98% used [0x00000000d6500000,0x00000000d657eb20,0x00000000d6580000)
  to   space 2048K, 0% used [0x00000000d6280000,0x00000000d6280000,0x00000000d6480000)
 ParOldGen       total 78848K, used 78659K [0x0000000080000000, 0x0000000084d00000, 0x00000000d5580000)
  object space 78848K, 99% used [0x0000000080000000,0x0000000084cd0e28,0x0000000084d00000)
 Metaspace       used 71687K, committed 73280K, reserved 1114112K
  class space    used 7645K, committed 8320K, reserved 1048576K
}
Event: 73.428 GC heap after
{Heap after GC invocations=154 (full 3):
 PSYoungGen      total 15360K, used 482K [0x00000000d5580000, 0x00000000d6580000, 0x0000000100000000)
  eden space 13312K, 0% used [0x00000000d5580000,0x00000000d5580000,0x00000000d6280000)
  from space 2048K, 23% used [0x00000000d6280000,0x00000000d62f89a8,0x00000000d6480000)
  to   space 1024K, 0% used [0x00000000d6480000,0x00000000d6480000,0x00000000d6580000)
 ParOldGen       total 78848K, used 78811K [0x0000000080000000, 0x0000000084d00000, 0x00000000d5580000)
  object space 78848K, 99% used [0x0000000080000000,0x0000000084cf6e28,0x0000000084d00000)
 Metaspace       used 71687K, committed 73280K, reserved 1114112K
  class space    used 7645K, committed 8320K, reserved 1048576K
}
Event: 73.447 GC heap before
{Heap before GC invocations=155 (full 3):
 PSYoungGen      total 15360K, used 13794K [0x00000000d5580000, 0x00000000d6580000, 0x0000000100000000)
  eden space 13312K, 100% used [0x00000000d5580000,0x00000000d6280000,0x00000000d6280000)
  from space 2048K, 23% used [0x00000000d6280000,0x00000000d62f89a8,0x00000000d6480000)
  to   space 1024K, 0% used [0x00000000d6480000,0x00000000d6480000,0x00000000d6580000)
 ParOldGen       total 78848K, used 78811K [0x0000000080000000, 0x0000000084d00000, 0x00000000d5580000)
  object space 78848K, 99% used [0x0000000080000000,0x0000000084cf6e28,0x0000000084d00000)
 Metaspace       used 71687K, committed 73280K, reserved 1114112K
  class space    used 7645K, committed 8320K, reserved 1048576K
}
Event: 73.452 GC heap after
{Heap after GC invocations=155 (full 3):
 PSYoungGen      total 13824K, used 448K [0x00000000d5580000, 0x00000000d6500000, 0x0000000100000000)
  eden space 13312K, 0% used [0x00000000d5580000,0x00000000d5580000,0x00000000d6280000)
  from space 512K, 87% used [0x00000000d6480000,0x00000000d64f0000,0x00000000d6500000)
  to   space 1024K, 0% used [0x00000000d6300000,0x00000000d6300000,0x00000000d6400000)
 ParOldGen       total 79360K, used 79131K [0x0000000080000000, 0x0000000084d80000, 0x00000000d5580000)
  object space 79360K, 99% used [0x0000000080000000,0x0000000084d46ed0,0x0000000084d80000)
 Metaspace       used 71687K, committed 73280K, reserved 1114112K
  class space    used 7645K, committed 8320K, reserved 1048576K
}
Event: 74.487 GC heap before
{Heap before GC invocations=156 (full 3):
 PSYoungGen      total 13824K, used 13760K [0x00000000d5580000, 0x00000000d6500000, 0x0000000100000000)
  eden space 13312K, 100% used [0x00000000d5580000,0x00000000d6280000,0x00000000d6280000)
  from space 512K, 87% used [0x00000000d6480000,0x00000000d64f0000,0x00000000d6500000)
  to   space 1024K, 0% used [0x00000000d6300000,0x00000000d6300000,0x00000000d6400000)
 ParOldGen       total 81920K, used 81410K [0x0000000080000000, 0x0000000085000000, 0x00000000d5580000)
  object space 81920K, 99% used [0x0000000080000000,0x0000000084f809e8,0x0000000085000000)
 Metaspace       used 71687K, committed 73280K, reserved 1114112K
  class space    used 7645K, committed 8320K, reserved 1048576K
}
Event: 75.471 GC heap after
{Heap after GC invocations=156 (full 3):
 PSYoungGen      total 14336K, used 527K [0x00000000d5580000, 0x00000000d6500000, 0x0000000100000000)
  eden space 13312K, 0% used [0x00000000d5580000,0x00000000d5580000,0x00000000d6280000)
  from space 1024K, 51% used [0x00000000d6300000,0x00000000d6383cd8,0x00000000d6400000)
  to   space 1024K, 0% used [0x00000000d6400000,0x00000000d6400000,0x00000000d6500000)
 ParOldGen       total 81920K, used 81728K [0x0000000080000000, 0x0000000085000000, 0x00000000d5580000)
  object space 81920K, 99% used [0x0000000080000000,0x0000000084fd0288,0x0000000085000000)
 Metaspace       used 71687K, committed 73280K, reserved 1114112K
  class space    used 7645K, committed 8320K, reserved 1048576K
}
Event: 76.496 GC heap before
{Heap before GC invocations=157 (full 3):
 PSYoungGen      total 14336K, used 13839K [0x00000000d5580000, 0x00000000d6500000, 0x0000000100000000)
  eden space 13312K, 100% used [0x00000000d5580000,0x00000000d6280000,0x00000000d6280000)
  from space 1024K, 51% used [0x00000000d6300000,0x00000000d6383cd8,0x00000000d6400000)
  to   space 1024K, 0% used [0x00000000d6400000,0x00000000d6400000,0x00000000d6500000)
 ParOldGen       total 81920K, used 81728K [0x0000000080000000, 0x0000000085000000, 0x00000000d5580000)
  object space 81920K, 99% used [0x0000000080000000,0x0000000084fd0380,0x0000000085000000)
 Metaspace       used 71691K, committed 73280K, reserved 1114112K
  class space    used 7645K, committed 8320K, reserved 1048576K
}
Event: 80.521 GC heap after
{Heap after GC invocations=157 (full 3):
 PSYoungGen      total 14336K, used 730K [0x00000000d5580000, 0x00000000d6500000, 0x0000000100000000)
  eden space 13312K, 0% used [0x00000000d5580000,0x00000000d5580000,0x00000000d6280000)
  from space 1024K, 71% used [0x00000000d6400000,0x00000000d64b6a60,0x00000000d6500000)
  to   space 1024K, 0% used [0x00000000d6300000,0x00000000d6300000,0x00000000d6400000)
 ParOldGen       total 82432K, used 82177K [0x0000000080000000, 0x0000000085080000, 0x00000000d5580000)
  object space 82432K, 99% used [0x0000000080000000,0x00000000850407c8,0x0000000085080000)
 Metaspace       used 71691K, committed 73280K, reserved 1114112K
  class space    used 7645K, committed 8320K, reserved 1048576K
}
Event: 82.565 GC heap before
{Heap before GC invocations=158 (full 3):
 PSYoungGen      total 14336K, used 14042K [0x00000000d5580000, 0x00000000d6500000, 0x0000000100000000)
  eden space 13312K, 100% used [0x00000000d5580000,0x00000000d6280000,0x00000000d6280000)
  from space 1024K, 71% used [0x00000000d6400000,0x00000000d64b6a60,0x00000000d6500000)
  to   space 1024K, 0% used [0x00000000d6300000,0x00000000d6300000,0x00000000d6400000)
 ParOldGen       total 82432K, used 82181K [0x0000000080000000, 0x0000000085080000, 0x00000000d5580000)
  object space 82432K, 99% used [0x0000000080000000,0x0000000085041458,0x0000000085080000)
 Metaspace       used 71697K, committed 73280K, reserved 1114112K
  class space    used 7645K, committed 8320K, reserved 1048576K
}
Event: 82.570 GC heap after
{Heap after GC invocations=158 (full 3):
 PSYoungGen      total 14848K, used 1005K [0x00000000d5580000, 0x00000000d6a80000, 0x0000000100000000)
  eden space 13824K, 0% used [0x00000000d5580000,0x00000000d5580000,0x00000000d6300000)
  from space 1024K, 98% used [0x00000000d6300000,0x00000000d63fb710,0x00000000d6400000)
  to   space 2560K, 0% used [0x00000000d6800000,0x00000000d6800000,0x00000000d6a80000)
 ParOldGen       total 83456K, used 83320K [0x0000000080000000, 0x0000000085180000, 0x00000000d5580000)
  object space 83456K, 99% used [0x0000000080000000,0x000000008515e3c8,0x0000000085180000)
 Metaspace       used 71697K, committed 73280K, reserved 1114112K
  class space    used 7645K, committed 8320K, reserved 1048576K
}
Event: 82.597 GC heap before
{Heap before GC invocations=159 (full 3):
 PSYoungGen      total 14848K, used 14829K [0x00000000d5580000, 0x00000000d6a80000, 0x0000000100000000)
  eden space 13824K, 100% used [0x00000000d5580000,0x00000000d6300000,0x00000000d6300000)
  from space 1024K, 98% used [0x00000000d6300000,0x00000000d63fb710,0x00000000d6400000)
  to   space 2560K, 0% used [0x00000000d6800000,0x00000000d6800000,0x00000000d6a80000)
 ParOldGen       total 83456K, used 83320K [0x0000000080000000, 0x0000000085180000, 0x00000000d5580000)
  object space 83456K, 99% used [0x0000000080000000,0x000000008515e3c8,0x0000000085180000)
 Metaspace       used 71712K, committed 73280K, reserved 1114112K
  class space    used 7646K, committed 8320K, reserved 1048576K
}

